\BOOKMARK [0][-]{chapter.1}{\376\377\0001\000\040\000C\000l\000a\000s\000s\000\040\000I\000n\000d\000e\000x}{}% 1
\BOOKMARK [1][-]{section.1.1}{\376\377\0001\000.\0001\000\040\000C\000l\000a\000s\000s\000\040\000L\000i\000s\000t}{chapter.1}% 2
\BOOKMARK [0][-]{chapter.2}{\376\377\0002\000\040\000C\000l\000a\000s\000s\000\040\000D\000o\000c\000u\000m\000e\000n\000t\000a\000t\000i\000o\000n}{}% 3
\BOOKMARK [1][-]{section.2.1}{\376\377\0002\000.\0001\000\040\000B\000a\000g\000\040\000C\000l\000a\000s\000s\000\040\000R\000e\000f\000e\000r\000e\000n\000c\000e}{chapter.2}% 4
\BOOKMARK [2][-]{subsection.2.1.1}{\376\377\0002\000.\0001\000.\0001\000\040\000D\000e\000t\000a\000i\000l\000e\000d\000\040\000D\000e\000s\000c\000r\000i\000p\000t\000i\000o\000n}{section.2.1}% 5
\BOOKMARK [2][-]{subsection.2.1.2}{\376\377\0002\000.\0001\000.\0002\000\040\000C\000o\000n\000s\000t\000r\000u\000c\000t\000o\000r\000\040\000\046\000\040\000D\000e\000s\000t\000r\000u\000c\000t\000o\000r\000\040\000D\000o\000c\000u\000m\000e\000n\000t\000a\000t\000i\000o\000n}{section.2.1}% 6
\BOOKMARK [3][-]{subsubsection.2.1.2.1}{\376\377\0002\000.\0001\000.\0002\000.\0001\000\040\000B\000a\000g\000\050\000\051}{subsection.2.1.2}% 7
\BOOKMARK [2][-]{subsection.2.1.3}{\376\377\0002\000.\0001\000.\0003\000\040\000M\000e\000m\000b\000e\000r\000\040\000F\000u\000n\000c\000t\000i\000o\000n\000\040\000D\000o\000c\000u\000m\000e\000n\000t\000a\000t\000i\000o\000n}{section.2.1}% 8
\BOOKMARK [3][-]{subsubsection.2.1.3.1}{\376\377\0002\000.\0001\000.\0003\000.\0001\000\040\000a\000d\000d\000B\000a\000s\000e\000P\000a\000i\000r\000\050\000\051}{subsection.2.1.3}% 9
\BOOKMARK [3][-]{subsubsection.2.1.3.2}{\376\377\0002\000.\0001\000.\0003\000.\0002\000\040\000a\000d\000d\000C\000h\000i\000l\000d\000\050\000\051}{subsection.2.1.3}% 10
\BOOKMARK [3][-]{subsubsection.2.1.3.3}{\376\377\0002\000.\0001\000.\0003\000.\0003\000\040\000a\000d\000d\000I\000n\000d\000e\000x\000\050\000\051}{subsection.2.1.3}% 11
\BOOKMARK [3][-]{subsubsection.2.1.3.4}{\376\377\0002\000.\0001\000.\0003\000.\0004\000\040\000g\000e\000t\000C\000h\000i\000l\000d\000r\000e\000n\000\050\000\051}{subsection.2.1.3}% 12
\BOOKMARK [3][-]{subsubsection.2.1.3.5}{\376\377\0002\000.\0001\000.\0003\000.\0005\000\040\000g\000e\000t\000I\000d\000\050\000\051}{subsection.2.1.3}% 13
\BOOKMARK [3][-]{subsubsection.2.1.3.6}{\376\377\0002\000.\0001\000.\0003\000.\0006\000\040\000g\000e\000t\000I\000n\000d\000i\000c\000e\000s\000\050\000\051}{subsection.2.1.3}% 14
\BOOKMARK [3][-]{subsubsection.2.1.3.7}{\376\377\0002\000.\0001\000.\0003\000.\0007\000\040\000g\000e\000t\000P\000r\000o\000p\000e\000r\000B\000a\000s\000e\000P\000a\000i\000r\000s\000\050\000\051}{subsection.2.1.3}% 15
\BOOKMARK [3][-]{subsubsection.2.1.3.8}{\376\377\0002\000.\0001\000.\0003\000.\0008\000\040\000g\000e\000t\000P\000r\000o\000p\000e\000r\000I\000n\000d\000i\000c\000e\000s\000\050\000\051}{subsection.2.1.3}% 16
\BOOKMARK [3][-]{subsubsection.2.1.3.9}{\376\377\0002\000.\0001\000.\0003\000.\0009\000\040\000g\000e\000t\000P\000r\000o\000p\000e\000r\000P\000a\000r\000e\000n\000t\000I\000n\000d\000i\000c\000e\000s\000\050\000\051}{subsection.2.1.3}% 17
\BOOKMARK [3][-]{subsubsection.2.1.3.10}{\376\377\0002\000.\0001\000.\0003\000.\0001\0000\000\040\000n\000u\000m\000P\000r\000o\000p\000e\000r\000\050\000\051}{subsection.2.1.3}% 18
\BOOKMARK [3][-]{subsubsection.2.1.3.11}{\376\377\0002\000.\0001\000.\0003\000.\0001\0001\000\040\000n\000u\000m\000P\000r\000o\000p\000e\000r\000P\000a\000r\000e\000n\000t\000I\000n\000d\000i\000c\000e\000s\000\050\000\051}{subsection.2.1.3}% 19
\BOOKMARK [3][-]{subsubsection.2.1.3.12}{\376\377\0002\000.\0001\000.\0003\000.\0001\0002\000\040\000o\000r\000d\000e\000r\000I\000n\000d\000i\000c\000e\000s\000\050\000\051}{subsection.2.1.3}% 20
\BOOKMARK [3][-]{subsubsection.2.1.3.13}{\376\377\0002\000.\0001\000.\0003\000.\0001\0003\000\040\000r\000e\000p\000l\000a\000c\000e\000C\000h\000i\000l\000d\000\050\000\051}{subsection.2.1.3}% 21
\BOOKMARK [3][-]{subsubsection.2.1.3.14}{\376\377\0002\000.\0001\000.\0003\000.\0001\0004\000\040\000s\000e\000t\000P\000a\000r\000e\000n\000t\000\050\000\051}{subsection.2.1.3}% 22
\BOOKMARK [3][-]{subsubsection.2.1.3.15}{\376\377\0002\000.\0001\000.\0003\000.\0001\0005\000\040\000t\000o\000p\000o\000l\000o\000g\000i\000c\000a\000l\000S\000o\000r\000t\000\050\000\051}{subsection.2.1.3}% 23
\BOOKMARK [3][-]{subsubsection.2.1.3.16}{\376\377\0002\000.\0001\000.\0003\000.\0001\0006\000\040\000w\000i\000d\000t\000h\000\050\000\051}{subsection.2.1.3}% 24
\BOOKMARK [1][-]{section.2.2}{\376\377\0002\000.\0002\000\040\000B\000a\000s\000e\000P\000a\000i\000r\000\040\000C\000l\000a\000s\000s\000\040\000R\000e\000f\000e\000r\000e\000n\000c\000e}{chapter.2}% 25
\BOOKMARK [2][-]{subsection.2.2.1}{\376\377\0002\000.\0002\000.\0001\000\040\000D\000e\000t\000a\000i\000l\000e\000d\000\040\000D\000e\000s\000c\000r\000i\000p\000t\000i\000o\000n}{section.2.2}% 26
\BOOKMARK [2][-]{subsection.2.2.2}{\376\377\0002\000.\0002\000.\0002\000\040\000C\000o\000n\000s\000t\000r\000u\000c\000t\000o\000r\000\040\000\046\000\040\000D\000e\000s\000t\000r\000u\000c\000t\000o\000r\000\040\000D\000o\000c\000u\000m\000e\000n\000t\000a\000t\000i\000o\000n}{section.2.2}% 27
\BOOKMARK [3][-]{subsubsection.2.2.2.1}{\376\377\0002\000.\0002\000.\0002\000.\0001\000\040\000B\000a\000s\000e\000P\000a\000i\000r\000\050\000\051}{subsection.2.2.2}% 28
\BOOKMARK [1][-]{section.2.3}{\376\377\0002\000.\0003\000\040\000L\000a\000b\000e\000l\000e\000d\000B\000a\000s\000e\000P\000a\000i\000r\000\040\000C\000l\000a\000s\000s\000\040\000R\000e\000f\000e\000r\000e\000n\000c\000e}{chapter.2}% 29
\BOOKMARK [2][-]{subsection.2.3.1}{\376\377\0002\000.\0003\000.\0001\000\040\000D\000e\000t\000a\000i\000l\000e\000d\000\040\000D\000e\000s\000c\000r\000i\000p\000t\000i\000o\000n}{section.2.3}% 30
\BOOKMARK [2][-]{subsection.2.3.2}{\376\377\0002\000.\0003\000.\0002\000\040\000C\000o\000n\000s\000t\000r\000u\000c\000t\000o\000r\000\040\000\046\000\040\000D\000e\000s\000t\000r\000u\000c\000t\000o\000r\000\040\000D\000o\000c\000u\000m\000e\000n\000t\000a\000t\000i\000o\000n}{section.2.3}% 31
\BOOKMARK [3][-]{subsubsection.2.3.2.1}{\376\377\0002\000.\0003\000.\0002\000.\0001\000\040\000L\000a\000b\000e\000l\000e\000d\000B\000a\000s\000e\000P\000a\000i\000r\000\050\000\051}{subsection.2.3.2}% 32
\BOOKMARK [1][-]{section.2.4}{\376\377\0002\000.\0004\000\040\000L\000o\000o\000p\000\040\000C\000l\000a\000s\000s\000\040\000R\000e\000f\000e\000r\000e\000n\000c\000e}{chapter.2}% 33
\BOOKMARK [2][-]{subsection.2.4.1}{\376\377\0002\000.\0004\000.\0001\000\040\000D\000e\000t\000a\000i\000l\000e\000d\000\040\000D\000e\000s\000c\000r\000i\000p\000t\000i\000o\000n}{section.2.4}% 34
\BOOKMARK [2][-]{subsection.2.4.2}{\376\377\0002\000.\0004\000.\0002\000\040\000C\000o\000n\000s\000t\000r\000u\000c\000t\000o\000r\000\040\000\046\000\040\000D\000e\000s\000t\000r\000u\000c\000t\000o\000r\000\040\000D\000o\000c\000u\000m\000e\000n\000t\000a\000t\000i\000o\000n}{section.2.4}% 35
\BOOKMARK [3][-]{subsubsection.2.4.2.1}{\376\377\0002\000.\0004\000.\0002\000.\0001\000\040\000L\000o\000o\000p\000\050\000\051}{subsection.2.4.2}% 36
\BOOKMARK [1][-]{section.2.5}{\376\377\0002\000.\0005\000\040\000S\000e\000c\000o\000n\000d\000a\000r\000y\000S\000t\000r\000u\000c\000t\000u\000r\000e\000\040\000C\000l\000a\000s\000s\000\040\000R\000e\000f\000e\000r\000e\000n\000c\000e}{chapter.2}% 37
\BOOKMARK [2][-]{subsection.2.5.1}{\376\377\0002\000.\0005\000.\0001\000\040\000D\000e\000t\000a\000i\000l\000e\000d\000\040\000D\000e\000s\000c\000r\000i\000p\000t\000i\000o\000n}{section.2.5}% 38
\BOOKMARK [2][-]{subsection.2.5.2}{\376\377\0002\000.\0005\000.\0002\000\040\000C\000o\000n\000s\000t\000r\000u\000c\000t\000o\000r\000\040\000\046\000\040\000D\000e\000s\000t\000r\000u\000c\000t\000o\000r\000\040\000D\000o\000c\000u\000m\000e\000n\000t\000a\000t\000i\000o\000n}{section.2.5}% 39
\BOOKMARK [3][-]{subsubsection.2.5.2.1}{\376\377\0002\000.\0005\000.\0002\000.\0001\000\040\000S\000e\000c\000o\000n\000d\000a\000r\000y\000S\000t\000r\000u\000c\000t\000u\000r\000e\000\050\000\051}{subsection.2.5.2}% 40
\BOOKMARK [2][-]{subsection.2.5.3}{\376\377\0002\000.\0005\000.\0003\000\040\000M\000e\000m\000b\000e\000r\000\040\000F\000u\000n\000c\000t\000i\000o\000n\000\040\000D\000o\000c\000u\000m\000e\000n\000t\000a\000t\000i\000o\000n}{section.2.5}% 41
\BOOKMARK [3][-]{subsubsection.2.5.3.1}{\376\377\0002\000.\0005\000.\0003\000.\0001\000\040\000g\000e\000t\000L\000a\000b\000e\000l\000l\000e\000d\000B\000P\000s\000\050\000\051}{subsection.2.5.3}% 42
\BOOKMARK [3][-]{subsubsection.2.5.3.2}{\376\377\0002\000.\0005\000.\0003\000.\0002\000\040\000g\000e\000t\000L\000e\000n\000g\000t\000h\000\050\000\051}{subsection.2.5.3}% 43
\BOOKMARK [3][-]{subsubsection.2.5.3.3}{\376\377\0002\000.\0005\000.\0003\000.\0003\000\040\000g\000e\000t\000P\000a\000r\000t\000n\000e\000r\000s\000\050\000\051}{subsection.2.5.3}% 44
\BOOKMARK [3][-]{subsubsection.2.5.3.4}{\376\377\0002\000.\0005\000.\0003\000.\0004\000\040\000g\000e\000t\000S\000S\000\050\000\051}{subsection.2.5.3}% 45
\BOOKMARK [1][-]{section.2.6}{\376\377\0002\000.\0006\000\040\000T\000r\000e\000e\000D\000e\000c\000o\000m\000p\000o\000s\000i\000t\000i\000o\000n\000\040\000C\000l\000a\000s\000s\000\040\000R\000e\000f\000e\000r\000e\000n\000c\000e}{chapter.2}% 46
\BOOKMARK [2][-]{subsection.2.6.1}{\376\377\0002\000.\0006\000.\0001\000\040\000M\000e\000m\000b\000e\000r\000\040\000F\000u\000n\000c\000t\000i\000o\000n\000\040\000D\000o\000c\000u\000m\000e\000n\000t\000a\000t\000i\000o\000n}{section.2.6}% 47
\BOOKMARK [3][-]{subsubsection.2.6.1.1}{\376\377\0002\000.\0006\000.\0001\000.\0001\000\040\000a\000d\000d\000S\000t\000r\000u\000c\000t\000u\000r\000e\000\050\000\051}{subsection.2.6.1}% 48
\BOOKMARK [3][-]{subsubsection.2.6.1.2}{\376\377\0002\000.\0006\000.\0001\000.\0002\000\040\000g\000e\000t\000B\000a\000g\000s\000\050\000\051}{subsection.2.6.1}% 49
\BOOKMARK [3][-]{subsubsection.2.6.1.3}{\376\377\0002\000.\0006\000.\0001\000.\0003\000\040\000l\000o\000a\000d\000F\000r\000o\000m\000F\000i\000l\000e\000\050\000\051}{subsection.2.6.1}% 50
\BOOKMARK [3][-]{subsubsection.2.6.1.4}{\376\377\0002\000.\0006\000.\0001\000.\0004\000\040\000s\000h\000o\000w\000\050\000\051}{subsection.2.6.1}% 51
\BOOKMARK [3][-]{subsubsection.2.6.1.5}{\376\377\0002\000.\0006\000.\0001\000.\0005\000\040\000t\000o\000p\000o\000l\000o\000g\000i\000c\000a\000l\000S\000o\000r\000t\000\050\000\051}{subsection.2.6.1}% 52
\BOOKMARK [0][-]{section*.14}{\376\377\000I\000n\000d\000e\000x}{}% 53
