The system is: Darwin - 15.0.0 - x86_64
Compiling the C compiler identification source file "CMakeCCompilerId.c" succeeded.
Compiler: /Applications/Xcode.app/Contents/Developer/Toolchains/XcodeDefault.xctoolchain/usr/bin/cc 
Build flags: 
Id flags: 

The output was:
0


Compilation of the C compiler identification source "CMakeCCompilerId.c" produced "a.out"

The C compiler identification is AppleClang, found in "/Users/wei/Desktop/PhD_experiment/RNARedPrint-master/lib/htd-master/CMakeFiles/3.4.0/CompilerIdC/a.out"

Compiling the CXX compiler identification source file "CMakeCXXCompilerId.cpp" succeeded.
Compiler: /Applications/Xcode.app/Contents/Developer/Toolchains/XcodeDefault.xctoolchain/usr/bin/c++ 
Build flags: 
Id flags: 

The output was:
0


Compilation of the CXX compiler identification source "CMakeCXXCompilerId.cpp" produced "a.out"

The CXX compiler identification is AppleClang, found in "/Users/wei/Desktop/PhD_experiment/RNARedPrint-master/lib/htd-master/CMakeFiles/3.4.0/CompilerIdCXX/a.out"

Determining if the C compiler works passed with the following output:
Change Dir: /Users/wei/Desktop/PhD_experiment/RNARedPrint-master/lib/htd-master/CMakeFiles/CMakeTmp

Run Build Command:"/opt/local/bin/gmake" "cmTC_59fe2/fast"
/opt/local/bin/gmake -f CMakeFiles/cmTC_59fe2.dir/build.make CMakeFiles/cmTC_59fe2.dir/build
gmake[1]: Entering directory '/Users/wei/Desktop/PhD_experiment/RNARedPrint-master/lib/htd-master/CMakeFiles/CMakeTmp'
Building C object CMakeFiles/cmTC_59fe2.dir/testCCompiler.c.o
/Applications/Xcode.app/Contents/Developer/Toolchains/XcodeDefault.xctoolchain/usr/bin/cc    -isysroot /Applications/Xcode.app/Contents/Developer/Platforms/MacOSX.platform/Developer/SDKs/MacOSX10.11.sdk   -o CMakeFiles/cmTC_59fe2.dir/testCCompiler.c.o   -c /Users/wei/Desktop/PhD_experiment/RNARedPrint-master/lib/htd-master/CMakeFiles/CMakeTmp/testCCompiler.c
Linking C executable cmTC_59fe2
/usr/local/Cellar/cmake/3.4.0/bin/cmake -E cmake_link_script CMakeFiles/cmTC_59fe2.dir/link.txt --verbose=1
/Applications/Xcode.app/Contents/Developer/Toolchains/XcodeDefault.xctoolchain/usr/bin/cc    -isysroot /Applications/Xcode.app/Contents/Developer/Platforms/MacOSX.platform/Developer/SDKs/MacOSX10.11.sdk -Wl,-search_paths_first -Wl,-headerpad_max_install_names   CMakeFiles/cmTC_59fe2.dir/testCCompiler.c.o  -o cmTC_59fe2  
gmake[1]: Leaving directory '/Users/wei/Desktop/PhD_experiment/RNARedPrint-master/lib/htd-master/CMakeFiles/CMakeTmp'


Detecting C compiler ABI info compiled with the following output:
Change Dir: /Users/wei/Desktop/PhD_experiment/RNARedPrint-master/lib/htd-master/CMakeFiles/CMakeTmp

Run Build Command:"/opt/local/bin/gmake" "cmTC_d561c/fast"
/opt/local/bin/gmake -f CMakeFiles/cmTC_d561c.dir/build.make CMakeFiles/cmTC_d561c.dir/build
gmake[1]: Entering directory '/Users/wei/Desktop/PhD_experiment/RNARedPrint-master/lib/htd-master/CMakeFiles/CMakeTmp'
Building C object CMakeFiles/cmTC_d561c.dir/CMakeCCompilerABI.c.o
/Applications/Xcode.app/Contents/Developer/Toolchains/XcodeDefault.xctoolchain/usr/bin/cc    -isysroot /Applications/Xcode.app/Contents/Developer/Platforms/MacOSX.platform/Developer/SDKs/MacOSX10.11.sdk   -o CMakeFiles/cmTC_d561c.dir/CMakeCCompilerABI.c.o   -c /usr/local/Cellar/cmake/3.4.0/share/cmake/Modules/CMakeCCompilerABI.c
Linking C executable cmTC_d561c
/usr/local/Cellar/cmake/3.4.0/bin/cmake -E cmake_link_script CMakeFiles/cmTC_d561c.dir/link.txt --verbose=1
/Applications/Xcode.app/Contents/Developer/Toolchains/XcodeDefault.xctoolchain/usr/bin/cc    -isysroot /Applications/Xcode.app/Contents/Developer/Platforms/MacOSX.platform/Developer/SDKs/MacOSX10.11.sdk -Wl,-search_paths_first -Wl,-headerpad_max_install_names  -v -Wl,-v CMakeFiles/cmTC_d561c.dir/CMakeCCompilerABI.c.o  -o cmTC_d561c   
Apple LLVM version 7.3.0 (clang-703.0.31)
Target: x86_64-apple-darwin15.0.0
Thread model: posix
InstalledDir: /Applications/Xcode.app/Contents/Developer/Toolchains/XcodeDefault.xctoolchain/usr/bin
 "/Applications/Xcode.app/Contents/Developer/Toolchains/XcodeDefault.xctoolchain/usr/bin/ld" -demangle -dynamic -arch x86_64 -macosx_version_min 10.11.0 -syslibroot /Applications/Xcode.app/Contents/Developer/Platforms/MacOSX.platform/Developer/SDKs/MacOSX10.11.sdk -o cmTC_d561c -search_paths_first -headerpad_max_install_names -v CMakeFiles/cmTC_d561c.dir/CMakeCCompilerABI.c.o -lSystem /Applications/Xcode.app/Contents/Developer/Toolchains/XcodeDefault.xctoolchain/usr/bin/../lib/clang/7.3.0/lib/darwin/libclang_rt.osx.a
@(#)PROGRAM:ld  PROJECT:ld64-264.3.102
configured to support archs: armv6 armv7 armv7s arm64 i386 x86_64 x86_64h armv6m armv7k armv7m armv7em (tvOS)
Library search paths:
	/Applications/Xcode.app/Contents/Developer/Platforms/MacOSX.platform/Developer/SDKs/MacOSX10.11.sdk/usr/lib
Framework search paths:
	/Applications/Xcode.app/Contents/Developer/Platforms/MacOSX.platform/Developer/SDKs/MacOSX10.11.sdk/System/Library/Frameworks/
gmake[1]: Leaving directory '/Users/wei/Desktop/PhD_experiment/RNARedPrint-master/lib/htd-master/CMakeFiles/CMakeTmp'


Parsed C implicit link information from above output:
  link line regex: [^( *|.*[/\])(ld|([^/\]+-)?ld|collect2)[^/\]*( |$)]
  ignore line: [Change Dir: /Users/wei/Desktop/PhD_experiment/RNARedPrint-master/lib/htd-master/CMakeFiles/CMakeTmp]
  ignore line: []
  ignore line: [Run Build Command:"/opt/local/bin/gmake" "cmTC_d561c/fast"]
  ignore line: [/opt/local/bin/gmake -f CMakeFiles/cmTC_d561c.dir/build.make CMakeFiles/cmTC_d561c.dir/build]
  ignore line: [gmake[1]: Entering directory '/Users/wei/Desktop/PhD_experiment/RNARedPrint-master/lib/htd-master/CMakeFiles/CMakeTmp']
  ignore line: [Building C object CMakeFiles/cmTC_d561c.dir/CMakeCCompilerABI.c.o]
  ignore line: [/Applications/Xcode.app/Contents/Developer/Toolchains/XcodeDefault.xctoolchain/usr/bin/cc    -isysroot /Applications/Xcode.app/Contents/Developer/Platforms/MacOSX.platform/Developer/SDKs/MacOSX10.11.sdk   -o CMakeFiles/cmTC_d561c.dir/CMakeCCompilerABI.c.o   -c /usr/local/Cellar/cmake/3.4.0/share/cmake/Modules/CMakeCCompilerABI.c]
  ignore line: [Linking C executable cmTC_d561c]
  ignore line: [/usr/local/Cellar/cmake/3.4.0/bin/cmake -E cmake_link_script CMakeFiles/cmTC_d561c.dir/link.txt --verbose=1]
  ignore line: [/Applications/Xcode.app/Contents/Developer/Toolchains/XcodeDefault.xctoolchain/usr/bin/cc    -isysroot /Applications/Xcode.app/Contents/Developer/Platforms/MacOSX.platform/Developer/SDKs/MacOSX10.11.sdk -Wl,-search_paths_first -Wl,-headerpad_max_install_names  -v -Wl,-v CMakeFiles/cmTC_d561c.dir/CMakeCCompilerABI.c.o  -o cmTC_d561c   ]
  ignore line: [Apple LLVM version 7.3.0 (clang-703.0.31)]
  ignore line: [Target: x86_64-apple-darwin15.0.0]
  ignore line: [Thread model: posix]
  ignore line: [InstalledDir: /Applications/Xcode.app/Contents/Developer/Toolchains/XcodeDefault.xctoolchain/usr/bin]
  link line: [ "/Applications/Xcode.app/Contents/Developer/Toolchains/XcodeDefault.xctoolchain/usr/bin/ld" -demangle -dynamic -arch x86_64 -macosx_version_min 10.11.0 -syslibroot /Applications/Xcode.app/Contents/Developer/Platforms/MacOSX.platform/Developer/SDKs/MacOSX10.11.sdk -o cmTC_d561c -search_paths_first -headerpad_max_install_names -v CMakeFiles/cmTC_d561c.dir/CMakeCCompilerABI.c.o -lSystem /Applications/Xcode.app/Contents/Developer/Toolchains/XcodeDefault.xctoolchain/usr/bin/../lib/clang/7.3.0/lib/darwin/libclang_rt.osx.a]
    arg [/Applications/Xcode.app/Contents/Developer/Toolchains/XcodeDefault.xctoolchain/usr/bin/ld] ==> ignore
    arg [-demangle] ==> ignore
    arg [-dynamic] ==> ignore
    arg [-arch] ==> ignore
    arg [x86_64] ==> ignore
    arg [-macosx_version_min] ==> ignore
    arg [10.11.0] ==> ignore
    arg [-syslibroot] ==> ignore
    arg [/Applications/Xcode.app/Contents/Developer/Platforms/MacOSX.platform/Developer/SDKs/MacOSX10.11.sdk] ==> ignore
    arg [-o] ==> ignore
    arg [cmTC_d561c] ==> ignore
    arg [-search_paths_first] ==> ignore
    arg [-headerpad_max_install_names] ==> ignore
    arg [-v] ==> ignore
    arg [CMakeFiles/cmTC_d561c.dir/CMakeCCompilerABI.c.o] ==> ignore
    arg [-lSystem] ==> lib [System]
    arg [/Applications/Xcode.app/Contents/Developer/Toolchains/XcodeDefault.xctoolchain/usr/bin/../lib/clang/7.3.0/lib/darwin/libclang_rt.osx.a] ==> lib [/Applications/Xcode.app/Contents/Developer/Toolchains/XcodeDefault.xctoolchain/usr/bin/../lib/clang/7.3.0/lib/darwin/libclang_rt.osx.a]
  Library search paths: [;/Applications/Xcode.app/Contents/Developer/Platforms/MacOSX.platform/Developer/SDKs/MacOSX10.11.sdk/usr/lib]
  Framework search paths: [;/Applications/Xcode.app/Contents/Developer/Platforms/MacOSX.platform/Developer/SDKs/MacOSX10.11.sdk/System/Library/Frameworks/]
  remove lib [System]
  collapse lib [/Applications/Xcode.app/Contents/Developer/Toolchains/XcodeDefault.xctoolchain/usr/bin/../lib/clang/7.3.0/lib/darwin/libclang_rt.osx.a] ==> [/Applications/Xcode.app/Contents/Developer/Toolchains/XcodeDefault.xctoolchain/usr/lib/clang/7.3.0/lib/darwin/libclang_rt.osx.a]
  collapse library dir [/Applications/Xcode.app/Contents/Developer/Platforms/MacOSX.platform/Developer/SDKs/MacOSX10.11.sdk/usr/lib] ==> [/Applications/Xcode.app/Contents/Developer/Platforms/MacOSX.platform/Developer/SDKs/MacOSX10.11.sdk/usr/lib]
  collapse framework dir [/Applications/Xcode.app/Contents/Developer/Platforms/MacOSX.platform/Developer/SDKs/MacOSX10.11.sdk/System/Library/Frameworks/] ==> [/Applications/Xcode.app/Contents/Developer/Platforms/MacOSX.platform/Developer/SDKs/MacOSX10.11.sdk/System/Library/Frameworks]
  implicit libs: [/Applications/Xcode.app/Contents/Developer/Toolchains/XcodeDefault.xctoolchain/usr/lib/clang/7.3.0/lib/darwin/libclang_rt.osx.a]
  implicit dirs: [/Applications/Xcode.app/Contents/Developer/Platforms/MacOSX.platform/Developer/SDKs/MacOSX10.11.sdk/usr/lib]
  implicit fwks: [/Applications/Xcode.app/Contents/Developer/Platforms/MacOSX.platform/Developer/SDKs/MacOSX10.11.sdk/System/Library/Frameworks]




Detecting C [-std=c11] compiler features compiled with the following output:
Change Dir: /Users/wei/Desktop/PhD_experiment/RNARedPrint-master/lib/htd-master/CMakeFiles/CMakeTmp

Run Build Command:"/opt/local/bin/gmake" "cmTC_34150/fast"
/opt/local/bin/gmake -f CMakeFiles/cmTC_34150.dir/build.make CMakeFiles/cmTC_34150.dir/build
gmake[1]: Entering directory '/Users/wei/Desktop/PhD_experiment/RNARedPrint-master/lib/htd-master/CMakeFiles/CMakeTmp'
Building C object CMakeFiles/cmTC_34150.dir/feature_tests.c.o
/Applications/Xcode.app/Contents/Developer/Toolchains/XcodeDefault.xctoolchain/usr/bin/cc    -isysroot /Applications/Xcode.app/Contents/Developer/Platforms/MacOSX.platform/Developer/SDKs/MacOSX10.11.sdk   -std=c11 -o CMakeFiles/cmTC_34150.dir/feature_tests.c.o   -c /Users/wei/Desktop/PhD_experiment/RNARedPrint-master/lib/htd-master/CMakeFiles/feature_tests.c
Linking C executable cmTC_34150
/usr/local/Cellar/cmake/3.4.0/bin/cmake -E cmake_link_script CMakeFiles/cmTC_34150.dir/link.txt --verbose=1
/Applications/Xcode.app/Contents/Developer/Toolchains/XcodeDefault.xctoolchain/usr/bin/cc    -isysroot /Applications/Xcode.app/Contents/Developer/Platforms/MacOSX.platform/Developer/SDKs/MacOSX10.11.sdk -Wl,-search_paths_first -Wl,-headerpad_max_install_names   CMakeFiles/cmTC_34150.dir/feature_tests.c.o  -o cmTC_34150  
gmake[1]: Leaving directory '/Users/wei/Desktop/PhD_experiment/RNARedPrint-master/lib/htd-master/CMakeFiles/CMakeTmp'


    Feature record: C_FEATURE:1c_function_prototypes
    Feature record: C_FEATURE:1c_restrict
    Feature record: C_FEATURE:1c_static_assert
    Feature record: C_FEATURE:1c_variadic_macros


Detecting C [-std=c99] compiler features compiled with the following output:
Change Dir: /Users/wei/Desktop/PhD_experiment/RNARedPrint-master/lib/htd-master/CMakeFiles/CMakeTmp

Run Build Command:"/opt/local/bin/gmake" "cmTC_8c383/fast"
/opt/local/bin/gmake -f CMakeFiles/cmTC_8c383.dir/build.make CMakeFiles/cmTC_8c383.dir/build
gmake[1]: Entering directory '/Users/wei/Desktop/PhD_experiment/RNARedPrint-master/lib/htd-master/CMakeFiles/CMakeTmp'
Building C object CMakeFiles/cmTC_8c383.dir/feature_tests.c.o
/Applications/Xcode.app/Contents/Developer/Toolchains/XcodeDefault.xctoolchain/usr/bin/cc    -isysroot /Applications/Xcode.app/Contents/Developer/Platforms/MacOSX.platform/Developer/SDKs/MacOSX10.11.sdk   -std=c99 -o CMakeFiles/cmTC_8c383.dir/feature_tests.c.o   -c /Users/wei/Desktop/PhD_experiment/RNARedPrint-master/lib/htd-master/CMakeFiles/feature_tests.c
Linking C executable cmTC_8c383
/usr/local/Cellar/cmake/3.4.0/bin/cmake -E cmake_link_script CMakeFiles/cmTC_8c383.dir/link.txt --verbose=1
/Applications/Xcode.app/Contents/Developer/Toolchains/XcodeDefault.xctoolchain/usr/bin/cc    -isysroot /Applications/Xcode.app/Contents/Developer/Platforms/MacOSX.platform/Developer/SDKs/MacOSX10.11.sdk -Wl,-search_paths_first -Wl,-headerpad_max_install_names   CMakeFiles/cmTC_8c383.dir/feature_tests.c.o  -o cmTC_8c383  
gmake[1]: Leaving directory '/Users/wei/Desktop/PhD_experiment/RNARedPrint-master/lib/htd-master/CMakeFiles/CMakeTmp'


    Feature record: C_FEATURE:1c_function_prototypes
    Feature record: C_FEATURE:1c_restrict
    Feature record: C_FEATURE:0c_static_assert
    Feature record: C_FEATURE:1c_variadic_macros


Detecting C [-std=c90] compiler features compiled with the following output:
Change Dir: /Users/wei/Desktop/PhD_experiment/RNARedPrint-master/lib/htd-master/CMakeFiles/CMakeTmp

Run Build Command:"/opt/local/bin/gmake" "cmTC_8836d/fast"
/opt/local/bin/gmake -f CMakeFiles/cmTC_8836d.dir/build.make CMakeFiles/cmTC_8836d.dir/build
gmake[1]: Entering directory '/Users/wei/Desktop/PhD_experiment/RNARedPrint-master/lib/htd-master/CMakeFiles/CMakeTmp'
Building C object CMakeFiles/cmTC_8836d.dir/feature_tests.c.o
/Applications/Xcode.app/Contents/Developer/Toolchains/XcodeDefault.xctoolchain/usr/bin/cc    -isysroot /Applications/Xcode.app/Contents/Developer/Platforms/MacOSX.platform/Developer/SDKs/MacOSX10.11.sdk   -std=c90 -o CMakeFiles/cmTC_8836d.dir/feature_tests.c.o   -c /Users/wei/Desktop/PhD_experiment/RNARedPrint-master/lib/htd-master/CMakeFiles/feature_tests.c
Linking C executable cmTC_8836d
/usr/local/Cellar/cmake/3.4.0/bin/cmake -E cmake_link_script CMakeFiles/cmTC_8836d.dir/link.txt --verbose=1
/Applications/Xcode.app/Contents/Developer/Toolchains/XcodeDefault.xctoolchain/usr/bin/cc    -isysroot /Applications/Xcode.app/Contents/Developer/Platforms/MacOSX.platform/Developer/SDKs/MacOSX10.11.sdk -Wl,-search_paths_first -Wl,-headerpad_max_install_names   CMakeFiles/cmTC_8836d.dir/feature_tests.c.o  -o cmTC_8836d  
gmake[1]: Leaving directory '/Users/wei/Desktop/PhD_experiment/RNARedPrint-master/lib/htd-master/CMakeFiles/CMakeTmp'


    Feature record: C_FEATURE:1c_function_prototypes
    Feature record: C_FEATURE:0c_restrict
    Feature record: C_FEATURE:0c_static_assert
    Feature record: C_FEATURE:0c_variadic_macros
Determining if the CXX compiler works passed with the following output:
Change Dir: /Users/wei/Desktop/PhD_experiment/RNARedPrint-master/lib/htd-master/CMakeFiles/CMakeTmp

Run Build Command:"/opt/local/bin/gmake" "cmTC_b4d8a/fast"
/opt/local/bin/gmake -f CMakeFiles/cmTC_b4d8a.dir/build.make CMakeFiles/cmTC_b4d8a.dir/build
gmake[1]: Entering directory '/Users/wei/Desktop/PhD_experiment/RNARedPrint-master/lib/htd-master/CMakeFiles/CMakeTmp'
Building CXX object CMakeFiles/cmTC_b4d8a.dir/testCXXCompiler.cxx.o
/Applications/Xcode.app/Contents/Developer/Toolchains/XcodeDefault.xctoolchain/usr/bin/c++     -isysroot /Applications/Xcode.app/Contents/Developer/Platforms/MacOSX.platform/Developer/SDKs/MacOSX10.11.sdk   -o CMakeFiles/cmTC_b4d8a.dir/testCXXCompiler.cxx.o -c /Users/wei/Desktop/PhD_experiment/RNARedPrint-master/lib/htd-master/CMakeFiles/CMakeTmp/testCXXCompiler.cxx
Linking CXX executable cmTC_b4d8a
/usr/local/Cellar/cmake/3.4.0/bin/cmake -E cmake_link_script CMakeFiles/cmTC_b4d8a.dir/link.txt --verbose=1
/Applications/Xcode.app/Contents/Developer/Toolchains/XcodeDefault.xctoolchain/usr/bin/c++     -isysroot /Applications/Xcode.app/Contents/Developer/Platforms/MacOSX.platform/Developer/SDKs/MacOSX10.11.sdk -Wl,-search_paths_first -Wl,-headerpad_max_install_names   CMakeFiles/cmTC_b4d8a.dir/testCXXCompiler.cxx.o  -o cmTC_b4d8a  
gmake[1]: Leaving directory '/Users/wei/Desktop/PhD_experiment/RNARedPrint-master/lib/htd-master/CMakeFiles/CMakeTmp'


Detecting CXX compiler ABI info compiled with the following output:
Change Dir: /Users/wei/Desktop/PhD_experiment/RNARedPrint-master/lib/htd-master/CMakeFiles/CMakeTmp

Run Build Command:"/opt/local/bin/gmake" "cmTC_c9ca8/fast"
/opt/local/bin/gmake -f CMakeFiles/cmTC_c9ca8.dir/build.make CMakeFiles/cmTC_c9ca8.dir/build
gmake[1]: Entering directory '/Users/wei/Desktop/PhD_experiment/RNARedPrint-master/lib/htd-master/CMakeFiles/CMakeTmp'
Building CXX object CMakeFiles/cmTC_c9ca8.dir/CMakeCXXCompilerABI.cpp.o
/Applications/Xcode.app/Contents/Developer/Toolchains/XcodeDefault.xctoolchain/usr/bin/c++     -isysroot /Applications/Xcode.app/Contents/Developer/Platforms/MacOSX.platform/Developer/SDKs/MacOSX10.11.sdk   -o CMakeFiles/cmTC_c9ca8.dir/CMakeCXXCompilerABI.cpp.o -c /usr/local/Cellar/cmake/3.4.0/share/cmake/Modules/CMakeCXXCompilerABI.cpp
Linking CXX executable cmTC_c9ca8
/usr/local/Cellar/cmake/3.4.0/bin/cmake -E cmake_link_script CMakeFiles/cmTC_c9ca8.dir/link.txt --verbose=1
/Applications/Xcode.app/Contents/Developer/Toolchains/XcodeDefault.xctoolchain/usr/bin/c++     -isysroot /Applications/Xcode.app/Contents/Developer/Platforms/MacOSX.platform/Developer/SDKs/MacOSX10.11.sdk -Wl,-search_paths_first -Wl,-headerpad_max_install_names  -v -Wl,-v CMakeFiles/cmTC_c9ca8.dir/CMakeCXXCompilerABI.cpp.o  -o cmTC_c9ca8   
Apple LLVM version 7.3.0 (clang-703.0.31)
Target: x86_64-apple-darwin15.0.0
Thread model: posix
InstalledDir: /Applications/Xcode.app/Contents/Developer/Toolchains/XcodeDefault.xctoolchain/usr/bin
 "/Applications/Xcode.app/Contents/Developer/Toolchains/XcodeDefault.xctoolchain/usr/bin/ld" -demangle -dynamic -arch x86_64 -macosx_version_min 10.11.0 -syslibroot /Applications/Xcode.app/Contents/Developer/Platforms/MacOSX.platform/Developer/SDKs/MacOSX10.11.sdk -o cmTC_c9ca8 -search_paths_first -headerpad_max_install_names -v CMakeFiles/cmTC_c9ca8.dir/CMakeCXXCompilerABI.cpp.o -lc++ -lSystem /Applications/Xcode.app/Contents/Developer/Toolchains/XcodeDefault.xctoolchain/usr/bin/../lib/clang/7.3.0/lib/darwin/libclang_rt.osx.a
@(#)PROGRAM:ld  PROJECT:ld64-264.3.102
configured to support archs: armv6 armv7 armv7s arm64 i386 x86_64 x86_64h armv6m armv7k armv7m armv7em (tvOS)
Library search paths:
	/Applications/Xcode.app/Contents/Developer/Platforms/MacOSX.platform/Developer/SDKs/MacOSX10.11.sdk/usr/lib
Framework search paths:
	/Applications/Xcode.app/Contents/Developer/Platforms/MacOSX.platform/Developer/SDKs/MacOSX10.11.sdk/System/Library/Frameworks/
gmake[1]: Leaving directory '/Users/wei/Desktop/PhD_experiment/RNARedPrint-master/lib/htd-master/CMakeFiles/CMakeTmp'


Parsed CXX implicit link information from above output:
  link line regex: [^( *|.*[/\])(ld|([^/\]+-)?ld|collect2)[^/\]*( |$)]
  ignore line: [Change Dir: /Users/wei/Desktop/PhD_experiment/RNARedPrint-master/lib/htd-master/CMakeFiles/CMakeTmp]
  ignore line: []
  ignore line: [Run Build Command:"/opt/local/bin/gmake" "cmTC_c9ca8/fast"]
  ignore line: [/opt/local/bin/gmake -f CMakeFiles/cmTC_c9ca8.dir/build.make CMakeFiles/cmTC_c9ca8.dir/build]
  ignore line: [gmake[1]: Entering directory '/Users/wei/Desktop/PhD_experiment/RNARedPrint-master/lib/htd-master/CMakeFiles/CMakeTmp']
  ignore line: [Building CXX object CMakeFiles/cmTC_c9ca8.dir/CMakeCXXCompilerABI.cpp.o]
  ignore line: [/Applications/Xcode.app/Contents/Developer/Toolchains/XcodeDefault.xctoolchain/usr/bin/c++     -isysroot /Applications/Xcode.app/Contents/Developer/Platforms/MacOSX.platform/Developer/SDKs/MacOSX10.11.sdk   -o CMakeFiles/cmTC_c9ca8.dir/CMakeCXXCompilerABI.cpp.o -c /usr/local/Cellar/cmake/3.4.0/share/cmake/Modules/CMakeCXXCompilerABI.cpp]
  ignore line: [Linking CXX executable cmTC_c9ca8]
  ignore line: [/usr/local/Cellar/cmake/3.4.0/bin/cmake -E cmake_link_script CMakeFiles/cmTC_c9ca8.dir/link.txt --verbose=1]
  ignore line: [/Applications/Xcode.app/Contents/Developer/Toolchains/XcodeDefault.xctoolchain/usr/bin/c++     -isysroot /Applications/Xcode.app/Contents/Developer/Platforms/MacOSX.platform/Developer/SDKs/MacOSX10.11.sdk -Wl,-search_paths_first -Wl,-headerpad_max_install_names  -v -Wl,-v CMakeFiles/cmTC_c9ca8.dir/CMakeCXXCompilerABI.cpp.o  -o cmTC_c9ca8   ]
  ignore line: [Apple LLVM version 7.3.0 (clang-703.0.31)]
  ignore line: [Target: x86_64-apple-darwin15.0.0]
  ignore line: [Thread model: posix]
  ignore line: [InstalledDir: /Applications/Xcode.app/Contents/Developer/Toolchains/XcodeDefault.xctoolchain/usr/bin]
  link line: [ "/Applications/Xcode.app/Contents/Developer/Toolchains/XcodeDefault.xctoolchain/usr/bin/ld" -demangle -dynamic -arch x86_64 -macosx_version_min 10.11.0 -syslibroot /Applications/Xcode.app/Contents/Developer/Platforms/MacOSX.platform/Developer/SDKs/MacOSX10.11.sdk -o cmTC_c9ca8 -search_paths_first -headerpad_max_install_names -v CMakeFiles/cmTC_c9ca8.dir/CMakeCXXCompilerABI.cpp.o -lc++ -lSystem /Applications/Xcode.app/Contents/Developer/Toolchains/XcodeDefault.xctoolchain/usr/bin/../lib/clang/7.3.0/lib/darwin/libclang_rt.osx.a]
    arg [/Applications/Xcode.app/Contents/Developer/Toolchains/XcodeDefault.xctoolchain/usr/bin/ld] ==> ignore
    arg [-demangle] ==> ignore
    arg [-dynamic] ==> ignore
    arg [-arch] ==> ignore
    arg [x86_64] ==> ignore
    arg [-macosx_version_min] ==> ignore
    arg [10.11.0] ==> ignore
    arg [-syslibroot] ==> ignore
    arg [/Applications/Xcode.app/Contents/Developer/Platforms/MacOSX.platform/Developer/SDKs/MacOSX10.11.sdk] ==> ignore
    arg [-o] ==> ignore
    arg [cmTC_c9ca8] ==> ignore
    arg [-search_paths_first] ==> ignore
    arg [-headerpad_max_install_names] ==> ignore
    arg [-v] ==> ignore
    arg [CMakeFiles/cmTC_c9ca8.dir/CMakeCXXCompilerABI.cpp.o] ==> ignore
    arg [-lc++] ==> lib [c++]
    arg [-lSystem] ==> lib [System]
    arg [/Applications/Xcode.app/Contents/Developer/Toolchains/XcodeDefault.xctoolchain/usr/bin/../lib/clang/7.3.0/lib/darwin/libclang_rt.osx.a] ==> lib [/Applications/Xcode.app/Contents/Developer/Toolchains/XcodeDefault.xctoolchain/usr/bin/../lib/clang/7.3.0/lib/darwin/libclang_rt.osx.a]
  Library search paths: [;/Applications/Xcode.app/Contents/Developer/Platforms/MacOSX.platform/Developer/SDKs/MacOSX10.11.sdk/usr/lib]
  Framework search paths: [;/Applications/Xcode.app/Contents/Developer/Platforms/MacOSX.platform/Developer/SDKs/MacOSX10.11.sdk/System/Library/Frameworks/]
  remove lib [System]
  collapse lib [/Applications/Xcode.app/Contents/Developer/Toolchains/XcodeDefault.xctoolchain/usr/bin/../lib/clang/7.3.0/lib/darwin/libclang_rt.osx.a] ==> [/Applications/Xcode.app/Contents/Developer/Toolchains/XcodeDefault.xctoolchain/usr/lib/clang/7.3.0/lib/darwin/libclang_rt.osx.a]
  collapse library dir [/Applications/Xcode.app/Contents/Developer/Platforms/MacOSX.platform/Developer/SDKs/MacOSX10.11.sdk/usr/lib] ==> [/Applications/Xcode.app/Contents/Developer/Platforms/MacOSX.platform/Developer/SDKs/MacOSX10.11.sdk/usr/lib]
  collapse framework dir [/Applications/Xcode.app/Contents/Developer/Platforms/MacOSX.platform/Developer/SDKs/MacOSX10.11.sdk/System/Library/Frameworks/] ==> [/Applications/Xcode.app/Contents/Developer/Platforms/MacOSX.platform/Developer/SDKs/MacOSX10.11.sdk/System/Library/Frameworks]
  implicit libs: [c++;/Applications/Xcode.app/Contents/Developer/Toolchains/XcodeDefault.xctoolchain/usr/lib/clang/7.3.0/lib/darwin/libclang_rt.osx.a]
  implicit dirs: [/Applications/Xcode.app/Contents/Developer/Platforms/MacOSX.platform/Developer/SDKs/MacOSX10.11.sdk/usr/lib]
  implicit fwks: [/Applications/Xcode.app/Contents/Developer/Platforms/MacOSX.platform/Developer/SDKs/MacOSX10.11.sdk/System/Library/Frameworks]




Detecting CXX [-std=c++14] compiler features compiled with the following output:
Change Dir: /Users/wei/Desktop/PhD_experiment/RNARedPrint-master/lib/htd-master/CMakeFiles/CMakeTmp

Run Build Command:"/opt/local/bin/gmake" "cmTC_92f92/fast"
/opt/local/bin/gmake -f CMakeFiles/cmTC_92f92.dir/build.make CMakeFiles/cmTC_92f92.dir/build
gmake[1]: Entering directory '/Users/wei/Desktop/PhD_experiment/RNARedPrint-master/lib/htd-master/CMakeFiles/CMakeTmp'
Building CXX object CMakeFiles/cmTC_92f92.dir/feature_tests.cxx.o
/Applications/Xcode.app/Contents/Developer/Toolchains/XcodeDefault.xctoolchain/usr/bin/c++     -isysroot /Applications/Xcode.app/Contents/Developer/Platforms/MacOSX.platform/Developer/SDKs/MacOSX10.11.sdk   -std=c++14 -o CMakeFiles/cmTC_92f92.dir/feature_tests.cxx.o -c /Users/wei/Desktop/PhD_experiment/RNARedPrint-master/lib/htd-master/CMakeFiles/feature_tests.cxx
Linking CXX executable cmTC_92f92
/usr/local/Cellar/cmake/3.4.0/bin/cmake -E cmake_link_script CMakeFiles/cmTC_92f92.dir/link.txt --verbose=1
/Applications/Xcode.app/Contents/Developer/Toolchains/XcodeDefault.xctoolchain/usr/bin/c++     -isysroot /Applications/Xcode.app/Contents/Developer/Platforms/MacOSX.platform/Developer/SDKs/MacOSX10.11.sdk -Wl,-search_paths_first -Wl,-headerpad_max_install_names   CMakeFiles/cmTC_92f92.dir/feature_tests.cxx.o  -o cmTC_92f92  
gmake[1]: Leaving directory '/Users/wei/Desktop/PhD_experiment/RNARedPrint-master/lib/htd-master/CMakeFiles/CMakeTmp'


    Feature record: CXX_FEATURE:1cxx_aggregate_default_initializers
    Feature record: CXX_FEATURE:1cxx_alias_templates
    Feature record: CXX_FEATURE:1cxx_alignas
    Feature record: CXX_FEATURE:1cxx_alignof
    Feature record: CXX_FEATURE:1cxx_attributes
    Feature record: CXX_FEATURE:1cxx_attribute_deprecated
    Feature record: CXX_FEATURE:1cxx_auto_type
    Feature record: CXX_FEATURE:1cxx_binary_literals
    Feature record: CXX_FEATURE:1cxx_constexpr
    Feature record: CXX_FEATURE:1cxx_contextual_conversions
    Feature record: CXX_FEATURE:1cxx_decltype
    Feature record: CXX_FEATURE:1cxx_decltype_auto
    Feature record: CXX_FEATURE:1cxx_decltype_incomplete_return_types
    Feature record: CXX_FEATURE:1cxx_default_function_template_args
    Feature record: CXX_FEATURE:1cxx_defaulted_functions
    Feature record: CXX_FEATURE:1cxx_defaulted_move_initializers
    Feature record: CXX_FEATURE:1cxx_delegating_constructors
    Feature record: CXX_FEATURE:1cxx_deleted_functions
    Feature record: CXX_FEATURE:1cxx_digit_separators
    Feature record: CXX_FEATURE:1cxx_enum_forward_declarations
    Feature record: CXX_FEATURE:1cxx_explicit_conversions
    Feature record: CXX_FEATURE:1cxx_extended_friend_declarations
    Feature record: CXX_FEATURE:1cxx_extern_templates
    Feature record: CXX_FEATURE:1cxx_final
    Feature record: CXX_FEATURE:1cxx_func_identifier
    Feature record: CXX_FEATURE:1cxx_generalized_initializers
    Feature record: CXX_FEATURE:1cxx_generic_lambdas
    Feature record: CXX_FEATURE:1cxx_inheriting_constructors
    Feature record: CXX_FEATURE:1cxx_inline_namespaces
    Feature record: CXX_FEATURE:1cxx_lambdas
    Feature record: CXX_FEATURE:1cxx_lambda_init_captures
    Feature record: CXX_FEATURE:1cxx_local_type_template_args
    Feature record: CXX_FEATURE:1cxx_long_long_type
    Feature record: CXX_FEATURE:1cxx_noexcept
    Feature record: CXX_FEATURE:1cxx_nonstatic_member_init
    Feature record: CXX_FEATURE:1cxx_nullptr
    Feature record: CXX_FEATURE:1cxx_override
    Feature record: CXX_FEATURE:1cxx_range_for
    Feature record: CXX_FEATURE:1cxx_raw_string_literals
    Feature record: CXX_FEATURE:1cxx_reference_qualified_functions
    Feature record: CXX_FEATURE:1cxx_relaxed_constexpr
    Feature record: CXX_FEATURE:1cxx_return_type_deduction
    Feature record: CXX_FEATURE:1cxx_right_angle_brackets
    Feature record: CXX_FEATURE:1cxx_rvalue_references
    Feature record: CXX_FEATURE:1cxx_sizeof_member
    Feature record: CXX_FEATURE:1cxx_static_assert
    Feature record: CXX_FEATURE:1cxx_strong_enums
    Feature record: CXX_FEATURE:1cxx_template_template_parameters
    Feature record: CXX_FEATURE:0cxx_thread_local
    Feature record: CXX_FEATURE:1cxx_trailing_return_types
    Feature record: CXX_FEATURE:1cxx_unicode_literals
    Feature record: CXX_FEATURE:1cxx_uniform_initialization
    Feature record: CXX_FEATURE:1cxx_unrestricted_unions
    Feature record: CXX_FEATURE:1cxx_user_literals
    Feature record: CXX_FEATURE:1cxx_variable_templates
    Feature record: CXX_FEATURE:1cxx_variadic_macros
    Feature record: CXX_FEATURE:1cxx_variadic_templates


Detecting CXX [-std=c++11] compiler features compiled with the following output:
Change Dir: /Users/wei/Desktop/PhD_experiment/RNARedPrint-master/lib/htd-master/CMakeFiles/CMakeTmp

Run Build Command:"/opt/local/bin/gmake" "cmTC_ac3a2/fast"
/opt/local/bin/gmake -f CMakeFiles/cmTC_ac3a2.dir/build.make CMakeFiles/cmTC_ac3a2.dir/build
gmake[1]: Entering directory '/Users/wei/Desktop/PhD_experiment/RNARedPrint-master/lib/htd-master/CMakeFiles/CMakeTmp'
Building CXX object CMakeFiles/cmTC_ac3a2.dir/feature_tests.cxx.o
/Applications/Xcode.app/Contents/Developer/Toolchains/XcodeDefault.xctoolchain/usr/bin/c++     -isysroot /Applications/Xcode.app/Contents/Developer/Platforms/MacOSX.platform/Developer/SDKs/MacOSX10.11.sdk   -std=c++11 -o CMakeFiles/cmTC_ac3a2.dir/feature_tests.cxx.o -c /Users/wei/Desktop/PhD_experiment/RNARedPrint-master/lib/htd-master/CMakeFiles/feature_tests.cxx
Linking CXX executable cmTC_ac3a2
/usr/local/Cellar/cmake/3.4.0/bin/cmake -E cmake_link_script CMakeFiles/cmTC_ac3a2.dir/link.txt --verbose=1
/Applications/Xcode.app/Contents/Developer/Toolchains/XcodeDefault.xctoolchain/usr/bin/c++     -isysroot /Applications/Xcode.app/Contents/Developer/Platforms/MacOSX.platform/Developer/SDKs/MacOSX10.11.sdk -Wl,-search_paths_first -Wl,-headerpad_max_install_names   CMakeFiles/cmTC_ac3a2.dir/feature_tests.cxx.o  -o cmTC_ac3a2  
gmake[1]: Leaving directory '/Users/wei/Desktop/PhD_experiment/RNARedPrint-master/lib/htd-master/CMakeFiles/CMakeTmp'


    Feature record: CXX_FEATURE:0cxx_aggregate_default_initializers
    Feature record: CXX_FEATURE:1cxx_alias_templates
    Feature record: CXX_FEATURE:1cxx_alignas
    Feature record: CXX_FEATURE:1cxx_alignof
    Feature record: CXX_FEATURE:1cxx_attributes
    Feature record: CXX_FEATURE:0cxx_attribute_deprecated
    Feature record: CXX_FEATURE:1cxx_auto_type
    Feature record: CXX_FEATURE:0cxx_binary_literals
    Feature record: CXX_FEATURE:1cxx_constexpr
    Feature record: CXX_FEATURE:0cxx_contextual_conversions
    Feature record: CXX_FEATURE:1cxx_decltype
    Feature record: CXX_FEATURE:0cxx_decltype_auto
    Feature record: CXX_FEATURE:1cxx_decltype_incomplete_return_types
    Feature record: CXX_FEATURE:1cxx_default_function_template_args
    Feature record: CXX_FEATURE:1cxx_defaulted_functions
    Feature record: CXX_FEATURE:1cxx_defaulted_move_initializers
    Feature record: CXX_FEATURE:1cxx_delegating_constructors
    Feature record: CXX_FEATURE:1cxx_deleted_functions
    Feature record: CXX_FEATURE:0cxx_digit_separators
    Feature record: CXX_FEATURE:1cxx_enum_forward_declarations
    Feature record: CXX_FEATURE:1cxx_explicit_conversions
    Feature record: CXX_FEATURE:1cxx_extended_friend_declarations
    Feature record: CXX_FEATURE:1cxx_extern_templates
    Feature record: CXX_FEATURE:1cxx_final
    Feature record: CXX_FEATURE:1cxx_func_identifier
    Feature record: CXX_FEATURE:1cxx_generalized_initializers
    Feature record: CXX_FEATURE:0cxx_generic_lambdas
    Feature record: CXX_FEATURE:1cxx_inheriting_constructors
    Feature record: CXX_FEATURE:1cxx_inline_namespaces
    Feature record: CXX_FEATURE:1cxx_lambdas
    Feature record: CXX_FEATURE:0cxx_lambda_init_captures
    Feature record: CXX_FEATURE:1cxx_local_type_template_args
    Feature record: CXX_FEATURE:1cxx_long_long_type
    Feature record: CXX_FEATURE:1cxx_noexcept
    Feature record: CXX_FEATURE:1cxx_nonstatic_member_init
    Feature record: CXX_FEATURE:1cxx_nullptr
    Feature record: CXX_FEATURE:1cxx_override
    Feature record: CXX_FEATURE:1cxx_range_for
    Feature record: CXX_FEATURE:1cxx_raw_string_literals
    Feature record: CXX_FEATURE:1cxx_reference_qualified_functions
    Feature record: CXX_FEATURE:0cxx_relaxed_constexpr
    Feature record: CXX_FEATURE:0cxx_return_type_deduction
    Feature record: CXX_FEATURE:1cxx_right_angle_brackets
    Feature record: CXX_FEATURE:1cxx_rvalue_references
    Feature record: CXX_FEATURE:1cxx_sizeof_member
    Feature record: CXX_FEATURE:1cxx_static_assert
    Feature record: CXX_FEATURE:1cxx_strong_enums
    Feature record: CXX_FEATURE:1cxx_template_template_parameters
    Feature record: CXX_FEATURE:0cxx_thread_local
    Feature record: CXX_FEATURE:1cxx_trailing_return_types
    Feature record: CXX_FEATURE:1cxx_unicode_literals
    Feature record: CXX_FEATURE:1cxx_uniform_initialization
    Feature record: CXX_FEATURE:1cxx_unrestricted_unions
    Feature record: CXX_FEATURE:1cxx_user_literals
    Feature record: CXX_FEATURE:0cxx_variable_templates
    Feature record: CXX_FEATURE:1cxx_variadic_macros
    Feature record: CXX_FEATURE:1cxx_variadic_templates


Detecting CXX [-std=c++98] compiler features compiled with the following output:
Change Dir: /Users/wei/Desktop/PhD_experiment/RNARedPrint-master/lib/htd-master/CMakeFiles/CMakeTmp

Run Build Command:"/opt/local/bin/gmake" "cmTC_5121f/fast"
/opt/local/bin/gmake -f CMakeFiles/cmTC_5121f.dir/build.make CMakeFiles/cmTC_5121f.dir/build
gmake[1]: Entering directory '/Users/wei/Desktop/PhD_experiment/RNARedPrint-master/lib/htd-master/CMakeFiles/CMakeTmp'
Building CXX object CMakeFiles/cmTC_5121f.dir/feature_tests.cxx.o
/Applications/Xcode.app/Contents/Developer/Toolchains/XcodeDefault.xctoolchain/usr/bin/c++     -isysroot /Applications/Xcode.app/Contents/Developer/Platforms/MacOSX.platform/Developer/SDKs/MacOSX10.11.sdk   -std=c++98 -o CMakeFiles/cmTC_5121f.dir/feature_tests.cxx.o -c /Users/wei/Desktop/PhD_experiment/RNARedPrint-master/lib/htd-master/CMakeFiles/feature_tests.cxx
Linking CXX executable cmTC_5121f
/usr/local/Cellar/cmake/3.4.0/bin/cmake -E cmake_link_script CMakeFiles/cmTC_5121f.dir/link.txt --verbose=1
/Applications/Xcode.app/Contents/Developer/Toolchains/XcodeDefault.xctoolchain/usr/bin/c++     -isysroot /Applications/Xcode.app/Contents/Developer/Platforms/MacOSX.platform/Developer/SDKs/MacOSX10.11.sdk -Wl,-search_paths_first -Wl,-headerpad_max_install_names   CMakeFiles/cmTC_5121f.dir/feature_tests.cxx.o  -o cmTC_5121f  
gmake[1]: Leaving directory '/Users/wei/Desktop/PhD_experiment/RNARedPrint-master/lib/htd-master/CMakeFiles/CMakeTmp'


    Feature record: CXX_FEATURE:0cxx_aggregate_default_initializers
    Feature record: CXX_FEATURE:0cxx_alias_templates
    Feature record: CXX_FEATURE:0cxx_alignas
    Feature record: CXX_FEATURE:0cxx_alignof
    Feature record: CXX_FEATURE:0cxx_attributes
    Feature record: CXX_FEATURE:0cxx_attribute_deprecated
    Feature record: CXX_FEATURE:0cxx_auto_type
    Feature record: CXX_FEATURE:0cxx_binary_literals
    Feature record: CXX_FEATURE:0cxx_constexpr
    Feature record: CXX_FEATURE:0cxx_contextual_conversions
    Feature record: CXX_FEATURE:0cxx_decltype
    Feature record: CXX_FEATURE:0cxx_decltype_auto
    Feature record: CXX_FEATURE:0cxx_decltype_incomplete_return_types
    Feature record: CXX_FEATURE:0cxx_default_function_template_args
    Feature record: CXX_FEATURE:0cxx_defaulted_functions
    Feature record: CXX_FEATURE:0cxx_defaulted_move_initializers
    Feature record: CXX_FEATURE:0cxx_delegating_constructors
    Feature record: CXX_FEATURE:0cxx_deleted_functions
    Feature record: CXX_FEATURE:0cxx_digit_separators
    Feature record: CXX_FEATURE:0cxx_enum_forward_declarations
    Feature record: CXX_FEATURE:0cxx_explicit_conversions
    Feature record: CXX_FEATURE:0cxx_extended_friend_declarations
    Feature record: CXX_FEATURE:0cxx_extern_templates
    Feature record: CXX_FEATURE:0cxx_final
    Feature record: CXX_FEATURE:0cxx_func_identifier
    Feature record: CXX_FEATURE:0cxx_generalized_initializers
    Feature record: CXX_FEATURE:0cxx_generic_lambdas
    Feature record: CXX_FEATURE:0cxx_inheriting_constructors
    Feature record: CXX_FEATURE:0cxx_inline_namespaces
    Feature record: CXX_FEATURE:0cxx_lambdas
    Feature record: CXX_FEATURE:0cxx_lambda_init_captures
    Feature record: CXX_FEATURE:0cxx_local_type_template_args
    Feature record: CXX_FEATURE:0cxx_long_long_type
    Feature record: CXX_FEATURE:0cxx_noexcept
    Feature record: CXX_FEATURE:0cxx_nonstatic_member_init
    Feature record: CXX_FEATURE:0cxx_nullptr
    Feature record: CXX_FEATURE:0cxx_override
    Feature record: CXX_FEATURE:0cxx_range_for
    Feature record: CXX_FEATURE:0cxx_raw_string_literals
    Feature record: CXX_FEATURE:0cxx_reference_qualified_functions
    Feature record: CXX_FEATURE:0cxx_relaxed_constexpr
    Feature record: CXX_FEATURE:0cxx_return_type_deduction
    Feature record: CXX_FEATURE:0cxx_right_angle_brackets
    Feature record: CXX_FEATURE:0cxx_rvalue_references
    Feature record: CXX_FEATURE:0cxx_sizeof_member
    Feature record: CXX_FEATURE:0cxx_static_assert
    Feature record: CXX_FEATURE:0cxx_strong_enums
    Feature record: CXX_FEATURE:1cxx_template_template_parameters
    Feature record: CXX_FEATURE:0cxx_thread_local
    Feature record: CXX_FEATURE:0cxx_trailing_return_types
    Feature record: CXX_FEATURE:0cxx_unicode_literals
    Feature record: CXX_FEATURE:0cxx_uniform_initialization
    Feature record: CXX_FEATURE:0cxx_unrestricted_unions
    Feature record: CXX_FEATURE:0cxx_user_literals
    Feature record: CXX_FEATURE:0cxx_variable_templates
    Feature record: CXX_FEATURE:0cxx_variadic_macros
    Feature record: CXX_FEATURE:0cxx_variadic_templates
Determining if the include file htd/CompilerDetection.hpp exists passed with the following output:
Change Dir: /Users/wei/Desktop/PhD_experiment/RNARedPrint-master/lib/htd-master/CMakeFiles/CMakeTmp

Run Build Command:"/opt/local/bin/gmake" "cmTC_9f675/fast"
/opt/local/bin/gmake -f CMakeFiles/cmTC_9f675.dir/build.make CMakeFiles/cmTC_9f675.dir/build
gmake[1]: Entering directory '/Users/wei/Desktop/PhD_experiment/RNARedPrint-master/lib/htd-master/CMakeFiles/CMakeTmp'
Building CXX object CMakeFiles/cmTC_9f675.dir/CheckIncludeFile.cxx.o
/Applications/Xcode.app/Contents/Developer/Toolchains/XcodeDefault.xctoolchain/usr/bin/c++    -I/Users/wei/Desktop/PhD_experiment/RNARedPrint-master/lib/htd-master/include  -isysroot /Applications/Xcode.app/Contents/Developer/Platforms/MacOSX.platform/Developer/SDKs/MacOSX10.11.sdk   -o CMakeFiles/cmTC_9f675.dir/CheckIncludeFile.cxx.o -c /Users/wei/Desktop/PhD_experiment/RNARedPrint-master/lib/htd-master/CMakeFiles/CMakeTmp/CheckIncludeFile.cxx
Linking CXX executable cmTC_9f675
/usr/local/Cellar/cmake/3.4.0/bin/cmake -E cmake_link_script CMakeFiles/cmTC_9f675.dir/link.txt --verbose=1
/Applications/Xcode.app/Contents/Developer/Toolchains/XcodeDefault.xctoolchain/usr/bin/c++     -isysroot /Applications/Xcode.app/Contents/Developer/Platforms/MacOSX.platform/Developer/SDKs/MacOSX10.11.sdk -Wl,-search_paths_first -Wl,-headerpad_max_install_names   CMakeFiles/cmTC_9f675.dir/CheckIncludeFile.cxx.o  -o cmTC_9f675  
gmake[1]: Leaving directory '/Users/wei/Desktop/PhD_experiment/RNARedPrint-master/lib/htd-master/CMakeFiles/CMakeTmp'


Determining if the include file pthread.h exists passed with the following output:
Change Dir: /Users/wei/Desktop/PhD_experiment/RNARedPrint-master/lib/htd-master/CMakeFiles/CMakeTmp

Run Build Command:"/opt/local/bin/gmake" "cmTC_4dd1a/fast"
/opt/local/bin/gmake -f CMakeFiles/cmTC_4dd1a.dir/build.make CMakeFiles/cmTC_4dd1a.dir/build
gmake[1]: Entering directory '/Users/wei/Desktop/PhD_experiment/RNARedPrint-master/lib/htd-master/CMakeFiles/CMakeTmp'
Building C object CMakeFiles/cmTC_4dd1a.dir/CheckIncludeFile.c.o
/Applications/Xcode.app/Contents/Developer/Toolchains/XcodeDefault.xctoolchain/usr/bin/cc    -isysroot /Applications/Xcode.app/Contents/Developer/Platforms/MacOSX.platform/Developer/SDKs/MacOSX10.11.sdk   -o CMakeFiles/cmTC_4dd1a.dir/CheckIncludeFile.c.o   -c /Users/wei/Desktop/PhD_experiment/RNARedPrint-master/lib/htd-master/CMakeFiles/CMakeTmp/CheckIncludeFile.c
Linking C executable cmTC_4dd1a
/usr/local/Cellar/cmake/3.4.0/bin/cmake -E cmake_link_script CMakeFiles/cmTC_4dd1a.dir/link.txt --verbose=1
/Applications/Xcode.app/Contents/Developer/Toolchains/XcodeDefault.xctoolchain/usr/bin/cc    -isysroot /Applications/Xcode.app/Contents/Developer/Platforms/MacOSX.platform/Developer/SDKs/MacOSX10.11.sdk -Wl,-search_paths_first -Wl,-headerpad_max_install_names   CMakeFiles/cmTC_4dd1a.dir/CheckIncludeFile.c.o  -o cmTC_4dd1a  
gmake[1]: Leaving directory '/Users/wei/Desktop/PhD_experiment/RNARedPrint-master/lib/htd-master/CMakeFiles/CMakeTmp'


Determining if the pthread_create exist passed with the following output:
Change Dir: /Users/wei/Desktop/PhD_experiment/RNARedPrint-master/lib/htd-master/CMakeFiles/CMakeTmp

Run Build Command:"/opt/local/bin/gmake" "cmTC_9213e/fast"
/opt/local/bin/gmake -f CMakeFiles/cmTC_9213e.dir/build.make CMakeFiles/cmTC_9213e.dir/build
gmake[1]: Entering directory '/Users/wei/Desktop/PhD_experiment/RNARedPrint-master/lib/htd-master/CMakeFiles/CMakeTmp'
Building C object CMakeFiles/cmTC_9213e.dir/CheckSymbolExists.c.o
/Applications/Xcode.app/Contents/Developer/Toolchains/XcodeDefault.xctoolchain/usr/bin/cc    -isysroot /Applications/Xcode.app/Contents/Developer/Platforms/MacOSX.platform/Developer/SDKs/MacOSX10.11.sdk   -o CMakeFiles/cmTC_9213e.dir/CheckSymbolExists.c.o   -c /Users/wei/Desktop/PhD_experiment/RNARedPrint-master/lib/htd-master/CMakeFiles/CMakeTmp/CheckSymbolExists.c
Linking C executable cmTC_9213e
/usr/local/Cellar/cmake/3.4.0/bin/cmake -E cmake_link_script CMakeFiles/cmTC_9213e.dir/link.txt --verbose=1
/Applications/Xcode.app/Contents/Developer/Toolchains/XcodeDefault.xctoolchain/usr/bin/cc    -isysroot /Applications/Xcode.app/Contents/Developer/Platforms/MacOSX.platform/Developer/SDKs/MacOSX10.11.sdk -Wl,-search_paths_first -Wl,-headerpad_max_install_names   CMakeFiles/cmTC_9213e.dir/CheckSymbolExists.c.o  -o cmTC_9213e  
gmake[1]: Leaving directory '/Users/wei/Desktop/PhD_experiment/RNARedPrint-master/lib/htd-master/CMakeFiles/CMakeTmp'

File /Users/wei/Desktop/PhD_experiment/RNARedPrint-master/lib/htd-master/CMakeFiles/CMakeTmp/CheckSymbolExists.c:
/* */
#include <pthread.h>

int main(int argc, char** argv)
{
  (void)argv;
#ifndef pthread_create
  return ((int*)(&pthread_create))[argc];
#else
  (void)argc;
  return 0;
#endif
}

